<?xml version="1.0" encoding="UTF-8"?>
<testsuites name="TS_Amazon_001" time="41.857" tests="3" failures="0" errors="0">
   <testsuite name="TS_Amazon_001" tests="3" failures="0" errors="0" time="41.857" skipped="0" timestamp="03-02-2024T17:48:09" hostname="sriha - 192.168.0.104" id="Test Suites/TS_Amazon_001">
      <properties>
         <property name="deviceName" value=""/>
         <property name="devicePlatform" value=""/>
         <property name="logFolder" value="C:\\Users\\sriha\\Katalon Studio\\Amazon\\Include\\SI-GuidedProject-711117-1705680339\\Reports\\20240203_174805\\TS_Amazon_001\\20240203_174805"/>
         <property name="logFiles" value="C:\\Users\\sriha\\Katalon Studio\\Amazon\\Include\\SI-GuidedProject-711117-1705680339\\Reports\\20240203_174805\\TS_Amazon_001\\20240203_174805\\execution0.log"/>
         <property name="attachments" value=""/>
         <property name="hostName" value="sriha - 192.168.0.104"/>
         <property name="os" value="Windows 11 64bit"/>
         <property name="katalonVersion" value="9.2.0.212"/>
         <property name="browser" value="Chrome 121.0.0.0"/>
         <property name="hostAddress" value="192.168.0.104"/>
         <property name="sessionId" value="2eaf40db4cb346d6fd5304515f094884"/>
         <property name="seleniumVersion" value="3.141.59"/>
         <property name="proxyInformation" value="ProxyInformation { proxyOption=NO_PROXY, proxyServerType=HTTP, username=, password=********, proxyServerAddress=, proxyServerPort=0, executionList=&quot;&quot;, isApplyToDesiredCapabilities=true }"/>
         <property name="platform" value="Windows 11"/>
      </properties>
      <testcase name="Test Cases/TC_Amazon_Registration_001" time="26.878" classname="Test Cases/TC_Amazon_Registration_001" status="PASSED">
         <system-out><![CDATA[03-02-2024T17:48:09 - [TEST_CASE][PASSED] - Test Cases/TC_Amazon_Registration_001: Test Cases/TC_Amazon_Registration_001

03-02-2024T17:48:10 - [TEST_STEP][PASSED] - openBrowser(""): Browser is opened with url: ''

03-02-2024T17:48:10 - [MESSAGE][INFO] - Starting 'Chrome' driver

03-02-2024T17:48:10 - [MESSAGE][INFO] - Action delay is set to 0 milliseconds

03-02-2024T17:48:11 - [MESSAGE][PASSED] - Browser is opened with url: ''

03-02-2024T17:48:11 - [TEST_STEP][PASSED] - navigateToUrl("https://www.amazon.in/ap/register?openid.mode=checkid_setup&openid.ns=http%3A%2F%2Fspecs.openid.net%2Fauth%2F2.0&openid.return_to=https%3A%2F%2Fwww.amazon.in%2Fref%3Drhf_sign_in&openid.assoc_handle=inflex"): Navigate to 'https://www.amazon.in/ap/register?openid.mode=checkid_setup&openid.ns=http%3A%2F%2Fspecs.openid.net%2Fauth%2F2.0&openid.return_to=https%3A%2F%2Fwww.amazon.in%2Fref%3Drhf_sign_in&openid.assoc_handle=inflex' successfully

03-02-2024T17:48:12 - [MESSAGE][PASSED] - Navigate to 'https://www.amazon.in/ap/register?openid.mode=checkid_setup&openid.ns=http%3A%2F%2Fspecs.openid.net%2Fauth%2F2.0&openid.return_to=https%3A%2F%2Fwww.amazon.in%2Fref%3Drhf_sign_in&openid.assoc_handle=inflex' successfully

03-02-2024T17:48:12 - [TEST_STEP][PASSED] - setText(findTestObject("Object Repository/Page_Register/Page_Amazon Registration/input_customerName"), "Kokkula Srinath"): Text 'Kokkula Srinath' is set on object 'Object Repository/Page_Register/Page_Amazon Registration/input_customerName'

03-02-2024T17:48:32 - [MESSAGE][PASSED] - Text 'Kokkula Srinath' is set on object 'Object Repository/Page_Register/Page_Amazon Registration/input_customerName'

03-02-2024T17:48:32 - [TEST_STEP][PASSED] - setText(findTestObject("Object Repository/Page_Register/Page_Amazon Registration/input_email"), "8688549090"): Text '8688549090' is set on object 'Object Repository/Page_Register/Page_Amazon Registration/input_email'

03-02-2024T17:48:33 - [MESSAGE][PASSED] - Text '8688549090' is set on object 'Object Repository/Page_Register/Page_Amazon Registration/input_email'

03-02-2024T17:48:33 - [TEST_STEP][PASSED] - setEncryptedText(findTestObject("Object Repository/Page_Register/Page_Amazon Registration/input_password"), "NLlgqqYIS2ixVubOByWTxQ=="): Text ****** has been set on object 'Object Repository/Page_Register/Page_Amazon Registration/input_password'

03-02-2024T17:48:34 - [MESSAGE][PASSED] - Text ****** has been set on object 'Object Repository/Page_Register/Page_Amazon Registration/input_password'

03-02-2024T17:48:34 - [TEST_STEP][PASSED] - click(findTestObject("Object Repository/Page_Register/Page_Amazon Registration/inputcontinue")): Object: 'Object Repository/Page_Register/Page_Amazon Registration/inputcontinue' is clicked on

03-02-2024T17:48:35 - [MESSAGE][PASSED] - Object: 'Object Repository/Page_Register/Page_Amazon Registration/inputcontinue' is clicked on

03-02-2024T17:48:35 - [TEST_STEP][PASSED] - openBrowser(""): Browser is opened with url: ''

03-02-2024T17:48:35 - [MESSAGE][WARNING] - A browser is already opened. Closing browser and opening a new one

03-02-2024T17:48:35 - [MESSAGE][INFO] - Starting 'Chrome' driver

03-02-2024T17:48:35 - [MESSAGE][INFO] - Action delay is set to 0 milliseconds

03-02-2024T17:48:36 - [MESSAGE][PASSED] - Browser is opened with url: ''

03-02-2024T17:48:36 - [TEST_STEP][PASSED] - closeBrowser(): Browser is closed

03-02-2024T17:48:36 - [MESSAGE][PASSED] - Browser is closed]]></system-out>
         <system-err><![CDATA[]]></system-err>
      </testcase>
      <testcase name="Test Cases/TC_Amazon_Login_002" time="4.813" classname="Test Cases/TC_Amazon_Login_002" status="PASSED">
         <system-out><![CDATA[03-02-2024T17:48:36 - [TEST_CASE][PASSED] - Test Cases/TC_Amazon_Login_002: Test Cases/TC_Amazon_Login_002

03-02-2024T17:48:36 - [TEST_STEP][PASSED] - openBrowser(""): Browser is opened with url: ''

03-02-2024T17:48:36 - [MESSAGE][INFO] - Starting 'Chrome' driver

03-02-2024T17:48:36 - [MESSAGE][INFO] - Action delay is set to 0 milliseconds

03-02-2024T17:48:37 - [MESSAGE][PASSED] - Browser is opened with url: ''

03-02-2024T17:48:37 - [TEST_STEP][PASSED] - navigateToUrl("https://www.amazon.in/ap/signin?openid.pape.max_auth_age=3600&openid.identity=http%3A%2F%2Fspecs.openid.net%2Fauth%2F2.0%2Fidentifier_select&language=en_IN&pageId=amzn_psr_desktop_in&ignoreAuthState=1&fromAuthPrompt=1&openid.return_to=https%3A%2F%2Fwww.amazon.in%2Fspr%2Freturns%2Fgift&prevRID=J4K53SMDXCGWSKWEEQMN&openid.assoc_handle=amzn_psr_desktop_in&openid.mode=checkid_setup&failedSignInCount=0&ref_=ap_sw_aa&openid.claimed_id=http%3A%2F%2Fspecs.openid.net%2Fauth%2F2.0%2Fidentifier_select&disableLoginPrepopulate=1&switch_account=signin&openid.ns=http%3A%2F%2Fspecs.openid.net%2Fauth%2F2.0"): Navigate to 'https://www.amazon.in/ap/signin?openid.pape.max_auth_age=3600&openid.identity=http%3A%2F%2Fspecs.openid.net%2Fauth%2F2.0%2Fidentifier_select&language=en_IN&pageId=amzn_psr_desktop_in&ignoreAuthState=1&fromAuthPrompt=1&openid.return_to=https%3A%2F%2Fwww.amazon.in%2Fspr%2Freturns%2Fgift&prevRID=J4K53SMDXCGWSKWEEQMN&openid.assoc_handle=amzn_psr_desktop_in&openid.mode=checkid_setup&failedSignInCount=0&ref_=ap_sw_aa&openid.claimed_id=http%3A%2F%2Fspecs.openid.net%2Fauth%2F2.0%2Fidentifier_select&disableLoginPrepopulate=1&switch_account=signin&openid.ns=http%3A%2F%2Fspecs.openid.net%2Fauth%2F2.0' successfully

03-02-2024T17:48:38 - [MESSAGE][PASSED] - Navigate to 'https://www.amazon.in/ap/signin?openid.pape.max_auth_age=3600&openid.identity=http%3A%2F%2Fspecs.openid.net%2Fauth%2F2.0%2Fidentifier_select&language=en_IN&pageId=amzn_psr_desktop_in&ignoreAuthState=1&fromAuthPrompt=1&openid.return_to=https%3A%2F%2Fwww.amazon.in%2Fspr%2Freturns%2Fgift&prevRID=J4K53SMDXCGWSKWEEQMN&openid.assoc_handle=amzn_psr_desktop_in&openid.mode=checkid_setup&failedSignInCount=0&ref_=ap_sw_aa&openid.claimed_id=http%3A%2F%2Fspecs.openid.net%2Fauth%2F2.0%2Fidentifier_select&disableLoginPrepopulate=1&switch_account=signin&openid.ns=http%3A%2F%2Fspecs.openid.net%2Fauth%2F2.0' successfully

03-02-2024T17:48:38 - [TEST_STEP][PASSED] - setText(findTestObject("Object Repository/Page_Login/Page_Amazon Sign In/input_email"), "srinathnetha723@gmail.com"): Text 'srinathnetha723@gmail.com' is set on object 'Object Repository/Page_Login/Page_Amazon Sign In/input_email'

03-02-2024T17:48:40 - [MESSAGE][PASSED] - Text 'srinathnetha723@gmail.com' is set on object 'Object Repository/Page_Login/Page_Amazon Sign In/input_email'

03-02-2024T17:48:40 - [TEST_STEP][PASSED] - setEncryptedText(findTestObject("Object Repository/Page_Login/Page_Amazon Sign In/input_password"), "NLlgqqYIS2ixVubOByWTxQ=="): Text ****** has been set on object 'Object Repository/Page_Login/Page_Amazon Sign In/input_password'

03-02-2024T17:48:40 - [MESSAGE][PASSED] - Text ****** has been set on object 'Object Repository/Page_Login/Page_Amazon Sign In/input_password'

03-02-2024T17:48:40 - [TEST_STEP][PASSED] - click(findTestObject("Object Repository/Page_Login/Page_Amazon Sign In/inputsignInSubmit")): Object: 'Object Repository/Page_Login/Page_Amazon Sign In/inputsignInSubmit' is clicked on

03-02-2024T17:48:41 - [MESSAGE][PASSED] - Object: 'Object Repository/Page_Login/Page_Amazon Sign In/inputsignInSubmit' is clicked on

03-02-2024T17:48:41 - [TEST_STEP][PASSED] - closeBrowser(): Browser is closed

03-02-2024T17:48:41 - [MESSAGE][PASSED] - Browser is closed]]></system-out>
         <system-err><![CDATA[]]></system-err>
      </testcase>
      <testcase name="Test Cases/TC_Amazon_Search_Item_003" time="9.942" classname="Test Cases/TC_Amazon_Search_Item_003" status="PASSED">
         <system-out><![CDATA[03-02-2024T17:48:41 - [TEST_CASE][PASSED] - Test Cases/TC_Amazon_Search_Item_003: Test Cases/TC_Amazon_Search_Item_003

03-02-2024T17:48:41 - [TEST_STEP][PASSED] - openBrowser(""): Browser is opened with url: ''

03-02-2024T17:48:41 - [MESSAGE][INFO] - Starting 'Chrome' driver

03-02-2024T17:48:41 - [MESSAGE][INFO] - Action delay is set to 0 milliseconds

03-02-2024T17:48:42 - [MESSAGE][PASSED] - Browser is opened with url: ''

03-02-2024T17:48:42 - [TEST_STEP][PASSED] - navigateToUrl("https://www.amazon.in/gp/cart/view.html?ref_=nav_cart"): Navigate to 'https://www.amazon.in/gp/cart/view.html?ref_=nav_cart' successfully

03-02-2024T17:48:43 - [MESSAGE][PASSED] - Navigate to 'https://www.amazon.in/gp/cart/view.html?ref_=nav_cart' successfully

03-02-2024T17:48:43 - [TEST_STEP][PASSED] - selectOptionByValue(findTestObject("Object Repository/Page_Searchitem/Page_Amazon.in Shopping Cart/select_All Categories        Alexa Skills  _a62561"), "search-alias=computers", true): All options with value 'search-alias=computers' are selected in object 'Object Repository/Page_Searchitem/Page_Amazon.in Shopping Cart/select_All Categories        Alexa Skills  _a62561'  using regular expression

03-02-2024T17:48:45 - [MESSAGE][PASSED] - All options with value 'search-alias=computers' are selected in object 'Object Repository/Page_Searchitem/Page_Amazon.in Shopping Cart/select_All Categories        Alexa Skills  _a62561'  using regular expression

03-02-2024T17:48:45 - [TEST_STEP][PASSED] - setText(findTestObject("Object Repository/Page_Searchitem/Page_Amazon.in Shopping Cart/input_field-keywords"), "dell"): Text 'dell' is set on object 'Object Repository/Page_Searchitem/Page_Amazon.in Shopping Cart/input_field-keywords'

03-02-2024T17:48:46 - [MESSAGE][PASSED] - Text 'dell' is set on object 'Object Repository/Page_Searchitem/Page_Amazon.in Shopping Cart/input_field-keywords'

03-02-2024T17:48:46 - [TEST_STEP][PASSED] - click(findTestObject("Object Repository/Page_Searchitem/Page_Amazon.in Shopping Cart/span_laptop")): Object: 'Object Repository/Page_Searchitem/Page_Amazon.in Shopping Cart/span_laptop' is clicked on

03-02-2024T17:48:50 - [MESSAGE][PASSED] - Object: 'Object Repository/Page_Searchitem/Page_Amazon.in Shopping Cart/span_laptop' is clicked on

03-02-2024T17:48:50 - [TEST_STEP][PASSED] - openBrowser(""): Browser is opened with url: ''

03-02-2024T17:48:50 - [MESSAGE][WARNING] - A browser is already opened. Closing browser and opening a new one

03-02-2024T17:48:50 - [MESSAGE][INFO] - Starting 'Chrome' driver

03-02-2024T17:48:50 - [MESSAGE][INFO] - Action delay is set to 0 milliseconds

03-02-2024T17:48:51 - [MESSAGE][PASSED] - Browser is opened with url: ''

03-02-2024T17:48:51 - [TEST_STEP][PASSED] - closeBrowser(): Browser is closed

03-02-2024T17:48:51 - [MESSAGE][PASSED] - Browser is closed]]></system-out>
         <system-err><![CDATA[]]></system-err>
      </testcase>
      <system-out><![CDATA[03-02-2024T17:48:09 - [TEST_SUITE][PASSED] - TS_Amazon_001: Test Cases/TC_Amazon_Search_Item_003]]></system-out>
      <system-err><![CDATA[]]></system-err>
   </testsuite>
</testsuites>
