<?xml version="1.0" encoding="UTF-8"?>
<testsuites name="TS_Amazon_002" time="25.64" tests="2" failures="0" errors="0">
   <testsuite name="TS_Amazon_002" tests="2" failures="0" errors="0" time="25.64" skipped="0" timestamp="03-02-2024T18:14:36" hostname="sriha - 192.168.0.104" id="Test Suites/TS_Amazon_002">
      <properties>
         <property name="deviceName" value=""/>
         <property name="devicePlatform" value=""/>
         <property name="logFolder" value="C:\\Users\\sriha\\Katalon Studio\\Amazon\\Include\\SI-GuidedProject-711117-1705680339\\Reports\\20240203_181432\\TS_Amazon_002\\20240203_181432"/>
         <property name="logFiles" value="C:\\Users\\sriha\\Katalon Studio\\Amazon\\Include\\SI-GuidedProject-711117-1705680339\\Reports\\20240203_181432\\TS_Amazon_002\\20240203_181432\\execution0.log"/>
         <property name="attachments" value=""/>
         <property name="hostName" value="sriha - 192.168.0.104"/>
         <property name="os" value="Windows 11 64bit"/>
         <property name="katalonVersion" value="9.2.0.212"/>
         <property name="browser" value="Chrome 121.0.0.0"/>
         <property name="hostAddress" value="192.168.0.104"/>
         <property name="sessionId" value="f5fcd92cfe458161b1d3b7c56f171949"/>
         <property name="seleniumVersion" value="3.141.59"/>
         <property name="proxyInformation" value="ProxyInformation { proxyOption=NO_PROXY, proxyServerType=HTTP, username=, password=********, proxyServerAddress=, proxyServerPort=0, executionList=&quot;&quot;, isApplyToDesiredCapabilities=true }"/>
         <property name="platform" value="Windows 11"/>
      </properties>
      <testcase name="Test Cases/TC_Amazon_Cart_Item_004" time="10.69" classname="Test Cases/TC_Amazon_Cart_Item_004" status="PASSED">
         <system-out><![CDATA[03-02-2024T18:14:36 - [TEST_CASE][PASSED] - Test Cases/TC_Amazon_Cart_Item_004: Test Cases/TC_Amazon_Cart_Item_004

03-02-2024T18:14:36 - [TEST_STEP][PASSED] - openBrowser(""): Browser is opened with url: ''

03-02-2024T18:14:37 - [MESSAGE][INFO] - Starting 'Chrome' driver

03-02-2024T18:14:37 - [MESSAGE][INFO] - Action delay is set to 0 milliseconds

03-02-2024T18:14:39 - [MESSAGE][PASSED] - Browser is opened with url: ''

03-02-2024T18:14:39 - [TEST_STEP][PASSED] - navigateToUrl("https://www.amazon.in/gp/cart/view.html?ref_=nav_cart"): Navigate to 'https://www.amazon.in/gp/cart/view.html?ref_=nav_cart' successfully

03-02-2024T18:14:40 - [MESSAGE][PASSED] - Navigate to 'https://www.amazon.in/gp/cart/view.html?ref_=nav_cart' successfully

03-02-2024T18:14:40 - [TEST_STEP][PASSED] - click(findTestObject("Object Repository/Page_Cartitem/Page_Amazon.in Shopping Cart/span_Sign in")): Object: 'Object Repository/Page_Cartitem/Page_Amazon.in Shopping Cart/span_Sign in' is clicked on

03-02-2024T18:14:41 - [MESSAGE][PASSED] - Object: 'Object Repository/Page_Cartitem/Page_Amazon.in Shopping Cart/span_Sign in' is clicked on

03-02-2024T18:14:41 - [TEST_STEP][PASSED] - setText(findTestObject("Object Repository/Page_Cartitem/Page_Amazon Sign In/input_email"), "srinathnetha723@gmail.com"): Text 'srinathnetha723@gmail.com' is set on object 'Object Repository/Page_Cartitem/Page_Amazon Sign In/input_email'

03-02-2024T18:14:43 - [MESSAGE][PASSED] - Text 'srinathnetha723@gmail.com' is set on object 'Object Repository/Page_Cartitem/Page_Amazon Sign In/input_email'

03-02-2024T18:14:43 - [TEST_STEP][PASSED] - click(findTestObject("Object Repository/Page_Cartitem/Page_Amazon Sign In/inputcontinue")): Object: 'Object Repository/Page_Cartitem/Page_Amazon Sign In/inputcontinue' is clicked on

03-02-2024T18:14:44 - [MESSAGE][PASSED] - Object: 'Object Repository/Page_Cartitem/Page_Amazon Sign In/inputcontinue' is clicked on

03-02-2024T18:14:44 - [TEST_STEP][PASSED] - setEncryptedText(findTestObject("Object Repository/Page_Cartitem/Page_Amazon Sign In/input_password"), "NLlgqqYIS2ixVubOByWTxQ=="): Text ****** has been set on object 'Object Repository/Page_Cartitem/Page_Amazon Sign In/input_password'

03-02-2024T18:14:45 - [MESSAGE][PASSED] - Text ****** has been set on object 'Object Repository/Page_Cartitem/Page_Amazon Sign In/input_password'

03-02-2024T18:14:45 - [TEST_STEP][PASSED] - click(findTestObject("Object Repository/Page_Cartitem/Page_Amazon Sign In/inputsignInSubmit")): Object: 'Object Repository/Page_Cartitem/Page_Amazon Sign In/inputsignInSubmit' is clicked on

03-02-2024T18:14:45 - [MESSAGE][PASSED] - Object: 'Object Repository/Page_Cartitem/Page_Amazon Sign In/inputsignInSubmit' is clicked on

03-02-2024T18:14:45 - [TEST_STEP][PASSED] - openBrowser(""): Browser is opened with url: ''

03-02-2024T18:14:45 - [MESSAGE][WARNING] - A browser is already opened. Closing browser and opening a new one

03-02-2024T18:14:46 - [MESSAGE][INFO] - Starting 'Chrome' driver

03-02-2024T18:14:46 - [MESSAGE][INFO] - Action delay is set to 0 milliseconds

03-02-2024T18:14:47 - [MESSAGE][PASSED] - Browser is opened with url: ''

03-02-2024T18:14:47 - [TEST_STEP][PASSED] - closeBrowser(): Browser is closed

03-02-2024T18:14:47 - [MESSAGE][PASSED] - Browser is closed]]></system-out>
         <system-err><![CDATA[]]></system-err>
      </testcase>
      <testcase name="Test Cases/TC_Amazon_Checkout_005" time="14.73" classname="Test Cases/TC_Amazon_Checkout_005" status="PASSED">
         <system-out><![CDATA[03-02-2024T18:14:47 - [TEST_CASE][PASSED] - Test Cases/TC_Amazon_Checkout_005: Test Cases/TC_Amazon_Checkout_005

03-02-2024T18:14:47 - [TEST_STEP][PASSED] - openBrowser(""): Browser is opened with url: ''

03-02-2024T18:14:47 - [MESSAGE][INFO] - Starting 'Chrome' driver

03-02-2024T18:14:47 - [MESSAGE][INFO] - Action delay is set to 0 milliseconds

03-02-2024T18:14:48 - [MESSAGE][PASSED] - Browser is opened with url: ''

03-02-2024T18:14:48 - [TEST_STEP][PASSED] - navigateToUrl("https://www.amazon.in/gp/cart/view.html/259-4808994-2889261"): Navigate to 'https://www.amazon.in/gp/cart/view.html/259-4808994-2889261' successfully

03-02-2024T18:14:49 - [MESSAGE][PASSED] - Navigate to 'https://www.amazon.in/gp/cart/view.html/259-4808994-2889261' successfully

03-02-2024T18:14:49 - [TEST_STEP][PASSED] - click(findTestObject("Object Repository/Page_Checkout/Page_Amazon.in Shopping Cart/span_Sign in")): Object: 'Object Repository/Page_Checkout/Page_Amazon.in Shopping Cart/span_Sign in' is clicked on

03-02-2024T18:14:51 - [MESSAGE][PASSED] - Object: 'Object Repository/Page_Checkout/Page_Amazon.in Shopping Cart/span_Sign in' is clicked on

03-02-2024T18:14:51 - [TEST_STEP][PASSED] - setText(findTestObject("Object Repository/Page_Checkout/Page_Amazon Sign In/input_email"), "srinathnetha723@gmail.com"): Text 'srinathnetha723@gmail.com' is set on object 'Object Repository/Page_Checkout/Page_Amazon Sign In/input_email'

03-02-2024T18:14:52 - [MESSAGE][PASSED] - Text 'srinathnetha723@gmail.com' is set on object 'Object Repository/Page_Checkout/Page_Amazon Sign In/input_email'

03-02-2024T18:14:52 - [TEST_STEP][PASSED] - click(findTestObject("Object Repository/Page_Checkout/Page_Amazon Sign In/inputcontinue")): Object: 'Object Repository/Page_Checkout/Page_Amazon Sign In/inputcontinue' is clicked on

03-02-2024T18:14:54 - [MESSAGE][PASSED] - Object: 'Object Repository/Page_Checkout/Page_Amazon Sign In/inputcontinue' is clicked on

03-02-2024T18:14:54 - [TEST_STEP][PASSED] - setEncryptedText(findTestObject("Object Repository/Page_Checkout/Page_Amazon Sign In/input_password"), "NLlgqqYIS2ixVubOByWTxQ=="): Text ****** has been set on object 'Object Repository/Page_Checkout/Page_Amazon Sign In/input_password'

03-02-2024T18:14:55 - [MESSAGE][PASSED] - Text ****** has been set on object 'Object Repository/Page_Checkout/Page_Amazon Sign In/input_password'

03-02-2024T18:14:55 - [TEST_STEP][PASSED] - click(findTestObject("Page_Login/Page_Amazon Sign In/inputsignInSubmit")): Object: 'Object Repository/Page_Login/Page_Amazon Sign In/inputsignInSubmit' is clicked on

03-02-2024T18:14:55 - [MESSAGE][PASSED] - Object: 'Object Repository/Page_Login/Page_Amazon Sign In/inputsignInSubmit' is clicked on

03-02-2024T18:14:55 - [TEST_STEP][PASSED] - click(findTestObject("Page_Cartitem/Page_Amazon.in Shopping Cart/input_proceedToRetailCheckout")): Object: 'Object Repository/Page_Cartitem/Page_Amazon.in Shopping Cart/input_proceedToRetailCheckout' is clicked on

03-02-2024T18:15:01 - [MESSAGE][PASSED] - Object: 'Object Repository/Page_Cartitem/Page_Amazon.in Shopping Cart/input_proceedToRetailCheckout' is clicked on

03-02-2024T18:15:01 - [TEST_STEP][PASSED] - closeBrowser(): Browser is closed

03-02-2024T18:15:02 - [MESSAGE][PASSED] - Browser is closed]]></system-out>
         <system-err><![CDATA[]]></system-err>
      </testcase>
      <system-out><![CDATA[03-02-2024T18:14:36 - [TEST_SUITE][PASSED] - TS_Amazon_002: Test Cases/TC_Amazon_Checkout_005]]></system-out>
      <system-err><![CDATA[]]></system-err>
   </testsuite>
</testsuites>
