<?xml version="1.0" encoding="UTF-8"?>
<testsuites name="TS_Amazon_002" time="32.403" tests="2" failures="0" errors="0">
   <testsuite name="TS_Amazon_002" tests="2" failures="0" errors="0" time="32.403" skipped="0" timestamp="03-02-2024T18:13:04" hostname="sriha - 192.168.0.104" id="Test Suites/TS_Amazon_002">
      <properties>
         <property name="deviceName" value=""/>
         <property name="devicePlatform" value=""/>
         <property name="logFolder" value="C:\\Users\\sriha\\Katalon Studio\\Amazon\\Include\\SI-GuidedProject-711117-1705680339\\Reports\\20240203_181300\\TS_Amazon_002\\20240203_181300"/>
         <property name="logFiles" value="C:\\Users\\sriha\\Katalon Studio\\Amazon\\Include\\SI-GuidedProject-711117-1705680339\\Reports\\20240203_181300\\TS_Amazon_002\\20240203_181300\\execution0.log"/>
         <property name="attachments" value=""/>
         <property name="hostName" value="sriha - 192.168.0.104"/>
         <property name="os" value="Windows 11 64bit"/>
         <property name="katalonVersion" value="9.2.0.212"/>
         <property name="browser" value="Chrome 121.0.0.0"/>
         <property name="hostAddress" value="192.168.0.104"/>
         <property name="sessionId" value="e18a3cc3a96b36f1d50d5ae77f96165b"/>
         <property name="seleniumVersion" value="3.141.59"/>
         <property name="proxyInformation" value="ProxyInformation { proxyOption=NO_PROXY, proxyServerType=HTTP, username=, password=********, proxyServerAddress=, proxyServerPort=0, executionList=&quot;&quot;, isApplyToDesiredCapabilities=true }"/>
         <property name="platform" value="Windows 11"/>
      </properties>
      <testcase name="Test Cases/TC_Amazon_Cart_Item_004" time="18.036" classname="Test Cases/TC_Amazon_Cart_Item_004" status="PASSED">
         <system-out><![CDATA[03-02-2024T18:13:04 - [TEST_CASE][PASSED] - Test Cases/TC_Amazon_Cart_Item_004: Test Cases/TC_Amazon_Cart_Item_004

03-02-2024T18:13:05 - [TEST_STEP][PASSED] - openBrowser(""): Browser is opened with url: ''

03-02-2024T18:13:05 - [MESSAGE][INFO] - Starting 'Chrome' driver

03-02-2024T18:13:05 - [MESSAGE][INFO] - Action delay is set to 0 milliseconds

03-02-2024T18:13:07 - [MESSAGE][PASSED] - Browser is opened with url: ''

03-02-2024T18:13:07 - [TEST_STEP][PASSED] - navigateToUrl("https://www.amazon.in/gp/cart/view.html?ref_=nav_cart"): Navigate to 'https://www.amazon.in/gp/cart/view.html?ref_=nav_cart' successfully

03-02-2024T18:13:08 - [MESSAGE][PASSED] - Navigate to 'https://www.amazon.in/gp/cart/view.html?ref_=nav_cart' successfully

03-02-2024T18:13:08 - [TEST_STEP][PASSED] - click(findTestObject("Object Repository/Page_Cartitem/Page_Amazon.in Shopping Cart/span_Sign in")): Object: 'Object Repository/Page_Cartitem/Page_Amazon.in Shopping Cart/span_Sign in' is clicked on

03-02-2024T18:13:10 - [MESSAGE][PASSED] - Object: 'Object Repository/Page_Cartitem/Page_Amazon.in Shopping Cart/span_Sign in' is clicked on

03-02-2024T18:13:10 - [TEST_STEP][PASSED] - setText(findTestObject("Object Repository/Page_Cartitem/Page_Amazon Sign In/input_email"), "srinathnetha723@gmail.com"): Text 'srinathnetha723@gmail.com' is set on object 'Object Repository/Page_Cartitem/Page_Amazon Sign In/input_email'

03-02-2024T18:13:12 - [MESSAGE][PASSED] - Text 'srinathnetha723@gmail.com' is set on object 'Object Repository/Page_Cartitem/Page_Amazon Sign In/input_email'

03-02-2024T18:13:12 - [TEST_STEP][PASSED] - click(findTestObject("Object Repository/Page_Cartitem/Page_Amazon Sign In/inputcontinue")): Object: 'Object Repository/Page_Cartitem/Page_Amazon Sign In/inputcontinue' is clicked on

03-02-2024T18:13:13 - [MESSAGE][PASSED] - Object: 'Object Repository/Page_Cartitem/Page_Amazon Sign In/inputcontinue' is clicked on

03-02-2024T18:13:13 - [TEST_STEP][PASSED] - setEncryptedText(findTestObject("Object Repository/Page_Cartitem/Page_Amazon Sign In/input_password"), "NLlgqqYIS2ixVubOByWTxQ=="): Text ****** has been set on object 'Object Repository/Page_Cartitem/Page_Amazon Sign In/input_password'

03-02-2024T18:13:14 - [MESSAGE][PASSED] - Text ****** has been set on object 'Object Repository/Page_Cartitem/Page_Amazon Sign In/input_password'

03-02-2024T18:13:14 - [TEST_STEP][PASSED] - click(findTestObject("Object Repository/Page_Cartitem/Page_Amazon Sign In/inputsignInSubmit")): Object: 'Object Repository/Page_Cartitem/Page_Amazon Sign In/inputsignInSubmit' is clicked on

03-02-2024T18:13:15 - [MESSAGE][PASSED] - Object: 'Object Repository/Page_Cartitem/Page_Amazon Sign In/inputsignInSubmit' is clicked on

03-02-2024T18:13:15 - [TEST_STEP][PASSED] - click(findTestObject("Object Repository/Page_Cartitem/Page_Amazon.in Shopping Cart/input_proceedToRetailCheckout")): Object: 'Object Repository/Page_Cartitem/Page_Amazon.in Shopping Cart/input_proceedToRetailCheckout' is clicked on

03-02-2024T18:13:21 - [MESSAGE][PASSED] - Object: 'Object Repository/Page_Cartitem/Page_Amazon.in Shopping Cart/input_proceedToRetailCheckout' is clicked on

03-02-2024T18:13:21 - [TEST_STEP][PASSED] - openBrowser(""): Browser is opened with url: ''

03-02-2024T18:13:21 - [MESSAGE][WARNING] - A browser is already opened. Closing browser and opening a new one

03-02-2024T18:13:21 - [MESSAGE][INFO] - Starting 'Chrome' driver

03-02-2024T18:13:21 - [MESSAGE][INFO] - Action delay is set to 0 milliseconds

03-02-2024T18:13:22 - [MESSAGE][PASSED] - Browser is opened with url: ''

03-02-2024T18:13:22 - [TEST_STEP][PASSED] - closeBrowser(): Browser is closed

03-02-2024T18:13:22 - [MESSAGE][PASSED] - Browser is closed]]></system-out>
         <system-err><![CDATA[]]></system-err>
      </testcase>
      <testcase name="Test Cases/TC_Amazon_Checkout_005" time="14.135" classname="Test Cases/TC_Amazon_Checkout_005" status="PASSED">
         <system-out><![CDATA[03-02-2024T18:13:22 - [TEST_CASE][PASSED] - Test Cases/TC_Amazon_Checkout_005: Test Cases/TC_Amazon_Checkout_005

03-02-2024T18:13:22 - [TEST_STEP][PASSED] - openBrowser(""): Browser is opened with url: ''

03-02-2024T18:13:22 - [MESSAGE][INFO] - Starting 'Chrome' driver

03-02-2024T18:13:22 - [MESSAGE][INFO] - Action delay is set to 0 milliseconds

03-02-2024T18:13:23 - [MESSAGE][PASSED] - Browser is opened with url: ''

03-02-2024T18:13:23 - [TEST_STEP][PASSED] - navigateToUrl("https://www.amazon.in/gp/cart/view.html/259-4808994-2889261"): Navigate to 'https://www.amazon.in/gp/cart/view.html/259-4808994-2889261' successfully

03-02-2024T18:13:24 - [MESSAGE][PASSED] - Navigate to 'https://www.amazon.in/gp/cart/view.html/259-4808994-2889261' successfully

03-02-2024T18:13:24 - [TEST_STEP][PASSED] - click(findTestObject("Object Repository/Page_Checkout/Page_Amazon.in Shopping Cart/span_Sign in")): Object: 'Object Repository/Page_Checkout/Page_Amazon.in Shopping Cart/span_Sign in' is clicked on

03-02-2024T18:13:26 - [MESSAGE][PASSED] - Object: 'Object Repository/Page_Checkout/Page_Amazon.in Shopping Cart/span_Sign in' is clicked on

03-02-2024T18:13:26 - [TEST_STEP][PASSED] - setText(findTestObject("Object Repository/Page_Checkout/Page_Amazon Sign In/input_email"), "srinathnetha723@gmail.com"): Text 'srinathnetha723@gmail.com' is set on object 'Object Repository/Page_Checkout/Page_Amazon Sign In/input_email'

03-02-2024T18:13:28 - [MESSAGE][PASSED] - Text 'srinathnetha723@gmail.com' is set on object 'Object Repository/Page_Checkout/Page_Amazon Sign In/input_email'

03-02-2024T18:13:28 - [TEST_STEP][PASSED] - click(findTestObject("Object Repository/Page_Checkout/Page_Amazon Sign In/inputcontinue")): Object: 'Object Repository/Page_Checkout/Page_Amazon Sign In/inputcontinue' is clicked on

03-02-2024T18:13:29 - [MESSAGE][PASSED] - Object: 'Object Repository/Page_Checkout/Page_Amazon Sign In/inputcontinue' is clicked on

03-02-2024T18:13:29 - [TEST_STEP][PASSED] - setEncryptedText(findTestObject("Object Repository/Page_Checkout/Page_Amazon Sign In/input_password"), "NLlgqqYIS2ixVubOByWTxQ=="): Text ****** has been set on object 'Object Repository/Page_Checkout/Page_Amazon Sign In/input_password'

03-02-2024T18:13:30 - [MESSAGE][PASSED] - Text ****** has been set on object 'Object Repository/Page_Checkout/Page_Amazon Sign In/input_password'

03-02-2024T18:13:30 - [TEST_STEP][PASSED] - click(findTestObject("Page_Login/Page_Amazon Sign In/inputsignInSubmit")): Object: 'Object Repository/Page_Login/Page_Amazon Sign In/inputsignInSubmit' is clicked on

03-02-2024T18:13:30 - [MESSAGE][PASSED] - Object: 'Object Repository/Page_Login/Page_Amazon Sign In/inputsignInSubmit' is clicked on

03-02-2024T18:13:30 - [TEST_STEP][PASSED] - click(findTestObject("Page_Cartitem/Page_Amazon.in Shopping Cart/input_proceedToRetailCheckout")): Object: 'Object Repository/Page_Cartitem/Page_Amazon.in Shopping Cart/input_proceedToRetailCheckout' is clicked on

03-02-2024T18:13:36 - [MESSAGE][PASSED] - Object: 'Object Repository/Page_Cartitem/Page_Amazon.in Shopping Cart/input_proceedToRetailCheckout' is clicked on

03-02-2024T18:13:36 - [TEST_STEP][PASSED] - closeBrowser(): Browser is closed

03-02-2024T18:13:36 - [MESSAGE][PASSED] - Browser is closed]]></system-out>
         <system-err><![CDATA[]]></system-err>
      </testcase>
      <system-out><![CDATA[03-02-2024T18:13:04 - [TEST_SUITE][PASSED] - TS_Amazon_002: Test Cases/TC_Amazon_Checkout_005]]></system-out>
      <system-err><![CDATA[]]></system-err>
   </testsuite>
</testsuites>
